\BOOKMARK [0][-]{chapter.1}{\376\377\000I\000n\000t\000r\000o\000d\000u\000c\000t\000i\000o\000n}{}% 1
\BOOKMARK [1][-]{section.1.1}{\376\377\000U\000p\000d\000a\000t\000e\000s}{chapter.1}% 2
\BOOKMARK [2][-]{subsection.1.1.1}{\376\377\000v\0001\000.\0000\000\040\000-\000\040\000[\000M\000a\000r\000c\000h\000\040\0002\0000\0002\0004\000]}{section.1.1}% 3
\BOOKMARK [1][-]{section.1.2}{\376\377\000C\000o\000n\000t\000a\000c\000t}{chapter.1}% 4
\BOOKMARK [0][-]{chapter.2}{\376\377\000I\000n\000s\000t\000a\000l\000l\000a\000t\000i\000o\000n}{}% 5
\BOOKMARK [1][-]{section.2.1}{\376\377\000M\000a\000t\000L\000a\000b}{chapter.2}% 6
\BOOKMARK [1][-]{section.2.2}{\376\377\000P\000y\000t\000h\000o\000n}{chapter.2}% 7
\BOOKMARK [1][-]{section.2.3}{\376\377\000J\000u\000l\000i\000a}{chapter.2}% 8
\BOOKMARK [0][-]{chapter.3}{\376\377\000F\000u\000n\000c\000t\000i\000o\000n\000s}{}% 9
\BOOKMARK [1][-]{section.3.1}{\376\377\000B\000a\000s\000e\000\040\000E\000n\000t\000r\000o\000p\000y\000\040\000F\000u\000n\000c\000t\000i\000o\000n\000s}{chapter.3}% 10
\BOOKMARK [2][-]{subsection.3.1.1}{\376\377\000A\000p\000E\000n\000:\000\040\000\040\000\040\000A\000p\000p\000r\000o\000x\000i\000m\000a\000t\000e\000\040\000E\000n\000t\000r\000o\000p\000y}{section.3.1}% 11
\BOOKMARK [2][-]{subsection.3.1.2}{\376\377\000S\000a\000m\000p\000E\000n\000:\000\040\000\040\000\040\000S\000a\000m\000p\000l\000e\000\040\000E\000n\000t\000r\000o\000p\000y}{section.3.1}% 12
\BOOKMARK [2][-]{subsection.3.1.3}{\376\377\000F\000u\000z\000z\000E\000n\000:\000\040\000\040\000\040\000F\000u\000z\000z\000y\000\040\000E\000n\000t\000r\000o\000p\000y}{section.3.1}% 13
\BOOKMARK [2][-]{subsection.3.1.4}{\376\377\000K\0002\000E\000n\000:\000\040\000\040\000\040\000K\000o\000l\000m\000o\000g\000o\000r\000o\000v\000\040\000E\000n\000t\000r\000o\000p\000y}{section.3.1}% 14
\BOOKMARK [2][-]{subsection.3.1.5}{\376\377\000P\000e\000r\000m\000E\000n\000:\000\040\000\040\000\040\000P\000e\000r\000m\000u\000t\000a\000t\000i\000o\000n\000\040\000E\000n\000t\000r\000o\000p\000y}{section.3.1}% 15
\BOOKMARK [2][-]{subsection.3.1.6}{\376\377\000C\000o\000n\000d\000E\000n\000:\000\040\000\040\000\040\000c\000o\000r\000r\000e\000c\000t\000e\000d\000\040\000C\000o\000n\000d\000i\000t\000i\000o\000n\000a\000l\000\040\000E\000n\000t\000r\000o\000p\000y}{section.3.1}% 16
\BOOKMARK [2][-]{subsection.3.1.7}{\376\377\000D\000i\000s\000t\000E\000n\000:\000\040\000\040\000\040\000D\000i\000s\000t\000r\000i\000b\000u\000t\000i\000o\000n\000\040\000E\000n\000t\000r\000o\000p\000y}{section.3.1}% 17
\BOOKMARK [2][-]{subsection.3.1.8}{\376\377\000S\000p\000e\000c\000E\000n\000:\000\040\000\040\000\040\000S\000p\000e\000c\000t\000r\000a\000l\000\040\000E\000n\000t\000r\000o\000p\000y}{section.3.1}% 18
\BOOKMARK [2][-]{subsection.3.1.9}{\376\377\000D\000i\000s\000p\000E\000n\000:\000\040\000\040\000\040\000D\000i\000s\000p\000e\000r\000s\000i\000o\000n\000\040\000E\000n\000t\000r\000o\000p\000y}{section.3.1}% 19
\BOOKMARK [2][-]{subsection.3.1.10}{\376\377\000S\000y\000D\000y\000E\000n\000:\000\040\000\040\000\040\000S\000y\000m\000b\000o\000l\000i\000c\000\040\000D\000y\000n\000a\000m\000i\000c\000\040\000E\000n\000t\000r\000o\000p\000y}{section.3.1}% 20
\BOOKMARK [2][-]{subsection.3.1.11}{\376\377\000I\000n\000c\000r\000E\000n\000:\000\040\000\040\000\040\000I\000n\000c\000r\000e\000m\000e\000n\000t\000\040\000E\000n\000t\000r\000o\000p\000y}{section.3.1}% 21
\BOOKMARK [2][-]{subsection.3.1.12}{\376\377\000C\000o\000S\000i\000E\000n\000:\000\040\000\040\000\040\000C\000o\000s\000i\000n\000e\000\040\000S\000i\000m\000i\000l\000a\000r\000i\000t\000y\000\040\000E\000n\000t\000r\000o\000p\000y}{section.3.1}% 22
\BOOKMARK [2][-]{subsection.3.1.13}{\376\377\000P\000h\000a\000s\000E\000n\000:\000\040\000\040\000\040\000P\000h\000a\000s\000e\000\040\000E\000n\000t\000r\000o\000p\000y}{section.3.1}% 23
\BOOKMARK [2][-]{subsection.3.1.14}{\376\377\000S\000l\000o\000p\000E\000n\000:\000\040\000\040\000\040\000S\000l\000o\000p\000e\000\040\000E\000n\000t\000r\000o\000p\000y}{section.3.1}% 24
\BOOKMARK [2][-]{subsection.3.1.15}{\376\377\000B\000u\000b\000b\000E\000n\000:\000\040\000\040\000\040\000B\000u\000b\000b\000l\000e\000\040\000E\000n\000t\000r\000o\000p\000y}{section.3.1}% 25
\BOOKMARK [2][-]{subsection.3.1.16}{\376\377\000G\000r\000i\000d\000E\000n\000:\000\040\000\040\000\040\000G\000r\000i\000d\000d\000e\000d\000\040\000D\000i\000s\000t\000r\000i\000b\000u\000t\000i\000o\000n\000\040\000E\000n\000t\000r\000o\000p\000y}{section.3.1}% 26
\BOOKMARK [2][-]{subsection.3.1.17}{\376\377\000E\000n\000o\000f\000E\000n\000:\000\040\000\040\000\040\000E\000n\000t\000r\000o\000p\000y\000\040\000o\000f\000\040\000E\000n\000t\000r\000o\000p\000y}{section.3.1}% 27
\BOOKMARK [2][-]{subsection.3.1.18}{\376\377\000A\000t\000t\000n\000E\000n\000:\000\040\000\040\000\040\000A\000t\000t\000e\000n\000t\000i\000o\000n\000\040\000E\000n\000t\000r\000o\000p\000y}{section.3.1}% 28
\BOOKMARK [2][-]{subsection.3.1.19}{\376\377\000D\000i\000v\000E\000n\000:\000\040\000\040\000\040\000D\000i\000v\000e\000r\000s\000i\000t\000y\000\040\000E\000n\000t\000r\000o\000p\000y}{section.3.1}% 29
\BOOKMARK [2][-]{subsection.3.1.20}{\376\377\000R\000a\000n\000g\000E\000n\000:\000\040\000\040\000\040\000R\000a\000n\000g\000e\000\040\000E\000n\000t\000r\000o\000p\000y}{section.3.1}% 30
\BOOKMARK [1][-]{section.3.2}{\376\377\000C\000r\000o\000s\000s\000-\000E\000n\000t\000r\000o\000p\000y\000\040\000F\000u\000n\000c\000t\000i\000o\000n\000s}{chapter.3}% 31
\BOOKMARK [2][-]{subsection.3.2.1}{\376\377\000X\000A\000p\000E\000n\000:\000\040\000\040\000\040\000C\000r\000o\000s\000s\000-\000A\000p\000p\000r\000o\000x\000i\000m\000a\000t\000e\000\040\000E\000n\000t\000r\000o\000p\000y}{section.3.2}% 32
\BOOKMARK [2][-]{subsection.3.2.2}{\376\377\000X\000S\000a\000m\000p\000E\000n\000:\000\040\000\040\000\040\000C\000r\000o\000s\000s\000-\000S\000a\000m\000p\000l\000e\000\040\000E\000n\000t\000r\000o\000p\000y}{section.3.2}% 33
\BOOKMARK [2][-]{subsection.3.2.3}{\376\377\000X\000F\000u\000z\000z\000E\000n\000:\000\040\000\040\000\040\000C\000r\000o\000s\000s\000-\000F\000u\000z\000z\000y\000\040\000E\000n\000t\000r\000o\000p\000y}{section.3.2}% 34
\BOOKMARK [2][-]{subsection.3.2.4}{\376\377\000X\000K\0002\000E\000n\000:\000\040\000\040\000\040\000C\000r\000o\000s\000s\000-\000K\000o\000l\000m\000o\000g\000o\000r\000o\000v\000\040\000E\000n\000t\000r\000o\000p\000y}{section.3.2}% 35
\BOOKMARK [2][-]{subsection.3.2.5}{\376\377\000X\000P\000e\000r\000m\000E\000n\000:\000\040\000\040\000\040\000C\000r\000o\000s\000s\000-\000P\000e\000r\000m\000u\000t\000a\000t\000i\000o\000n\000\040\000E\000n\000t\000r\000o\000p\000y}{section.3.2}% 36
\BOOKMARK [2][-]{subsection.3.2.6}{\376\377\000X\000C\000o\000n\000d\000E\000n\000:\000\040\000\040\000\040\000C\000r\000o\000s\000s\000-\000C\000o\000n\000d\000i\000t\000i\000o\000n\000a\000l\000\040\000E\000n\000t\000r\000o\000p\000y}{section.3.2}% 37
\BOOKMARK [2][-]{subsection.3.2.7}{\376\377\000X\000D\000i\000s\000t\000E\000n\000:\000\040\000\040\000\040\000C\000r\000o\000s\000s\000-\000D\000i\000s\000t\000r\000i\000b\000u\000t\000i\000o\000n\000\040\000E\000n\000t\000r\000o\000p\000y}{section.3.2}% 38
\BOOKMARK [2][-]{subsection.3.2.8}{\376\377\000X\000S\000p\000e\000c\000E\000n\000:\000\040\000\040\000\040\000C\000r\000o\000s\000s\000-\000S\000p\000e\000c\000t\000r\000a\000l\000\040\000E\000n\000t\000r\000o\000p\000y}{section.3.2}% 39
\BOOKMARK [1][-]{section.3.3}{\376\377\000M\000u\000l\000t\000i\000s\000c\000a\000l\000e\000\040\000E\000n\000t\000r\000o\000p\000y\000\040\000F\000u\000n\000c\000t\000i\000o\000n\000s}{chapter.3}% 40
\BOOKMARK [2][-]{subsection.3.3.1}{\376\377\000M\000S\000o\000b\000j\000e\000c\000t\000:\000\040\000\040\000\040\000M\000u\000l\000t\000i\000s\000c\000a\000l\000e\000\040\000E\000n\000t\000r\000o\000p\000y\000\040\000O\000b\000j\000e\000c\000t}{section.3.3}% 41
\BOOKMARK [2][-]{subsection.3.3.2}{\376\377\000M\000S\000E\000n\000:\000\040\000\040\000\040\000M\000u\000l\000t\000i\000s\000c\000a\000l\000e\000\040\000E\000n\000t\000r\000o\000p\000y}{section.3.3}% 42
\BOOKMARK [2][-]{subsection.3.3.3}{\376\377\000c\000M\000S\000E\000n\000:\000\040\000\040\000\040\000C\000o\000m\000p\000o\000s\000i\000t\000e\000\040\000\046\000\040\000R\000e\000f\000i\000n\000e\000d\000-\000C\000o\000m\000p\000o\000s\000i\000t\000e\000\040\000M\000u\000l\000t\000i\000s\000c\000a\000l\000e\000\040\000E\000n\000t\000r\000o\000p\000y}{section.3.3}% 43
\BOOKMARK [2][-]{subsection.3.3.4}{\376\377\000r\000M\000S\000E\000n\000:\000\040\000\040\000\040\000R\000e\000f\000i\000n\000e\000d\000\040\000M\000u\000l\000t\000i\000s\000c\000a\000l\000e\000\040\000E\000n\000t\000r\000o\000p\000y}{section.3.3}% 44
\BOOKMARK [2][-]{subsection.3.3.5}{\376\377\000h\000M\000S\000E\000n\000:\000\040\000\040\000\040\000H\000i\000e\000r\000a\000r\000c\000h\000i\000c\000a\000l\000\040\000M\000u\000l\000t\000i\000s\000c\000a\000l\000e\000\040\000E\000n\000t\000r\000o\000p\000y}{section.3.3}% 45
\BOOKMARK [1][-]{section.3.4}{\376\377\000M\000u\000l\000t\000i\000s\000c\000a\000l\000e\000\040\000C\000r\000o\000s\000s\000-\000E\000n\000t\000r\000o\000p\000y\000\040\000F\000u\000n\000c\000t\000i\000o\000n\000s}{chapter.3}% 46
\BOOKMARK [2][-]{subsection.3.4.1}{\376\377\000M\000S\000o\000b\000j\000e\000c\000t\000:\000\040\000\040\000\040\000M\000u\000l\000t\000i\000s\000c\000a\000l\000e\000\040\000E\000n\000t\000r\000o\000p\000y\000\040\000O\000b\000j\000e\000c\000t}{section.3.4}% 47
\BOOKMARK [2][-]{subsection.3.4.2}{\376\377\000X\000M\000S\000E\000n\000:\000\040\000\040\000\040\000M\000u\000l\000t\000i\000s\000c\000a\000l\000e\000\040\000C\000r\000o\000s\000s\000-\000E\000n\000t\000r\000o\000p\000y}{section.3.4}% 48
\BOOKMARK [2][-]{subsection.3.4.3}{\376\377\000c\000X\000M\000S\000E\000n\000:\000\040\000\040\000\040\000C\000o\000m\000p\000o\000s\000i\000t\000e\000\040\000\046\000\040\000R\000e\000f\000i\000n\000e\000d\000-\000C\000o\000m\000p\000o\000s\000i\000t\000e\000\040\000M\000u\000l\000t\000i\000s\000c\000a\000l\000e\000\040\000C\000r\000o\000s\000s\000-\000E\000n\000t\000r\000o\000p\000y}{section.3.4}% 49
\BOOKMARK [2][-]{subsection.3.4.4}{\376\377\000r\000X\000M\000S\000E\000n\000:\000\040\000\040\000\040\000R\000e\000f\000i\000n\000e\000d\000\040\000M\000u\000l\000t\000i\000s\000c\000a\000l\000e\000\040\000C\000r\000o\000s\000s\000-\000E\000n\000t\000r\000o\000p\000y}{section.3.4}% 50
\BOOKMARK [2][-]{subsection.3.4.5}{\376\377\000h\000X\000M\000S\000E\000n\000:\000\040\000\040\000\040\000H\000i\000e\000r\000a\000r\000c\000h\000i\000c\000a\000l\000\040\000M\000u\000l\000t\000i\000s\000c\000a\000l\000e\000\040\000C\000r\000o\000s\000s\000-\000E\000n\000t\000r\000o\000p\000y}{section.3.4}% 51
\BOOKMARK [1][-]{section.3.5}{\376\377\000B\000i\000d\000i\000m\000e\000n\000s\000i\000o\000n\000a\000l\000\040\000E\000n\000t\000r\000o\000p\000y\000\040\000F\000u\000n\000c\000t\000i\000o\000n\000s}{chapter.3}% 52
\BOOKMARK [2][-]{subsection.3.5.1}{\376\377\000S\000a\000m\000p\000E\000n\0002\000D\000:\000\040\000\040\000\040\000B\000i\000d\000i\000m\000e\000n\000s\000i\000o\000n\000a\000l\000\040\000S\000a\000m\000p\000l\000e\000\040\000E\000n\000t\000r\000o\000p\000y}{section.3.5}% 53
\BOOKMARK [2][-]{subsection.3.5.2}{\376\377\000F\000u\000z\000z\000E\000n\0002\000D\000:\000\040\000\040\000\040\000B\000i\000d\000i\000m\000e\000n\000s\000i\000o\000n\000a\000l\000\040\000F\000u\000z\000z\000y\000\040\000E\000n\000t\000r\000o\000p\000y}{section.3.5}% 54
\BOOKMARK [2][-]{subsection.3.5.3}{\376\377\000D\000i\000s\000t\000E\000n\0002\000D\000:\000\040\000\040\000\040\000B\000i\000d\000i\000m\000e\000n\000s\000i\000o\000n\000a\000l\000\040\000D\000i\000s\000t\000r\000i\000b\000u\000t\000i\000o\000n\000\040\000E\000n\000t\000r\000o\000p\000y}{section.3.5}% 55
\BOOKMARK [2][-]{subsection.3.5.4}{\376\377\000D\000i\000s\000p\000E\000n\0002\000D\000:\000\040\000\040\000\040\000B\000i\000d\000i\000m\000e\000n\000s\000i\000o\000n\000a\000l\000\040\000D\000i\000s\000p\000e\000r\000s\000i\000o\000n\000\040\000E\000n\000t\000r\000o\000p\000y}{section.3.5}% 56
\BOOKMARK [2][-]{subsection.3.5.5}{\376\377\000P\000e\000r\000m\000E\000n\0002\000D\000:\000\040\000\040\000\040\000B\000i\000d\000i\000m\000e\000n\000s\000i\000o\000n\000a\000l\000\040\000P\000e\000r\000m\000u\000t\000a\000t\000i\000o\000n\000\040\000E\000n\000t\000r\000o\000p\000y}{section.3.5}% 57
\BOOKMARK [2][-]{subsection.3.5.6}{\376\377\000E\000s\000p\000E\000n\0002\000D\000:\000\040\000\040\000\040\000B\000i\000d\000i\000m\000e\000n\000s\000i\000o\000n\000a\000l\000\040\000E\000s\000p\000i\000n\000o\000s\000a\000\040\000E\000n\000t\000r\000o\000p\000y}{section.3.5}% 58
\BOOKMARK [0][-]{chapter.4}{\376\377\000E\000x\000a\000m\000p\000l\000e\000s}{}% 59
\BOOKMARK [1][-]{section.4.1}{\376\377\000E\000x\000a\000m\000p\000l\000e\000D\000a\000t\000a\000\050\000\051\000:\000\040\000I\000m\000p\000o\000r\000t\000\040\000E\000x\000a\000m\000p\000l\000e\000\040\000D\000a\000t\000a\000s\000e\000t\000s}{chapter.4}% 60
\BOOKMARK [1][-]{section.4.2}{\376\377\000M\000a\000t\000L\000a\000b\000:}{chapter.4}% 61
\BOOKMARK [2][-]{subsection.4.2.1}{\376\377\000E\000x\000a\000m\000p\000l\000e\000\040\0001\000:\000\040\000\040\000\040\000S\000a\000m\000p\000l\000e\000\040\000E\000n\000t\000r\000o\000p\000y}{section.4.2}% 62
\BOOKMARK [2][-]{subsection.4.2.2}{\376\377\000E\000x\000a\000m\000p\000l\000e\000\040\0002\000:\000\040\000\040\000\040\000\050\000F\000i\000n\000e\000-\000G\000r\000a\000i\000n\000e\000d\000\051\000\040\000P\000e\000r\000m\000u\000t\000a\000t\000i\000o\000n\000\040\000E\000n\000t\000r\000o\000p\000y}{section.4.2}% 63
\BOOKMARK [2][-]{subsection.4.2.3}{\376\377\000E\000x\000a\000m\000p\000l\000e\000\040\0003\000:\000\040\000\040\000\040\000P\000h\000a\000s\000e\000\040\000E\000n\000t\000r\000o\000p\000y\000\040\000w\000/\000\040\000P\000o\000i\000n\000c\000a\000r\000\351\000\040\000p\000l\000o\000t}{section.4.2}% 64
\BOOKMARK [2][-]{subsection.4.2.4}{\376\377\000E\000x\000a\000m\000p\000l\000e\000\040\0004\000:\000\040\000\040\000\040\000C\000r\000o\000s\000s\000-\000D\000i\000s\000t\000r\000i\000b\000u\000t\000i\000o\000n\000\040\000E\000n\000t\000r\000o\000p\000y\000\040\000w\000/\000\040\000D\000i\000f\000f\000e\000r\000e\000n\000t\000\040\000B\000i\000n\000n\000i\000n\000g\000\040\000M\000e\000t\000h\000o\000d\000s}{section.4.2}% 65
\BOOKMARK [2][-]{subsection.4.2.5}{\376\377\000E\000x\000a\000m\000p\000l\000e\000\040\0005\000:\000\040\000\040\000\040\000M\000u\000l\000t\000i\000s\000c\000a\000l\000e\000\040\000E\000n\000t\000r\000o\000p\000y\000\040\000O\000b\000j\000e\000c\000t\000\040\000[\000M\000S\000o\000b\000j\000e\000c\000t\000\050\000\051\000]}{section.4.2}% 66
\BOOKMARK [2][-]{subsection.4.2.6}{\376\377\000E\000x\000a\000m\000p\000l\000e\000\040\0006\000:\000\040\000\040\000\040\000M\000u\000l\000t\000i\000s\000c\000a\000l\000e\000\040\000[\000I\000n\000c\000r\000e\000m\000e\000n\000t\000]\000\040\000E\000n\000t\000r\000o\000p\000y}{section.4.2}% 67
\BOOKMARK [2][-]{subsection.4.2.7}{\376\377\000E\000x\000a\000m\000p\000l\000e\000\040\0007\000:\000\040\000\040\000\040\000R\000e\000f\000i\000n\000e\000d\000\040\000M\000u\000l\000t\000i\000s\000c\000a\000l\000e\000\040\000[\000S\000a\000m\000p\000l\000e\000]\000\040\000E\000n\000t\000r\000o\000p\000y}{section.4.2}% 68
\BOOKMARK [2][-]{subsection.4.2.8}{\376\377\000E\000x\000a\000m\000p\000l\000e\000\040\0008\000:\000\040\000\040\000C\000o\000m\000p\000o\000s\000i\000t\000e\000\040\000M\000u\000l\000t\000i\000s\000c\000a\000l\000e\000\040\000C\000r\000o\000s\000s\000-\000[\000A\000p\000p\000r\000o\000x\000i\000m\000a\000t\000e\000]\000\040\000E\000n\000t\000r\000o\000p\000y}{section.4.2}% 69
\BOOKMARK [2][-]{subsection.4.2.9}{\376\377\000E\000x\000a\000m\000p\000l\000e\000\040\0009\000:\000\040\000\040\000\040\000H\000i\000e\000r\000a\000r\000c\000h\000i\000c\000a\000l\000\040\000M\000u\000l\000t\000i\000s\000c\000a\000l\000e\000\040\000c\000o\000r\000r\000e\000c\000t\000e\000d\000\040\000C\000r\000o\000s\000s\000-\000[\000C\000o\000n\000d\000i\000t\000i\000o\000n\000a\000l\000]\000\040\000E\000n\000t\000r\000o\000p\000y}{section.4.2}% 70
\BOOKMARK [2][-]{subsection.4.2.10}{\376\377\000E\000x\000a\000m\000p\000l\000e\000\040\0001\0000\000:\000\040\000\040\000\040\000B\000i\000d\000i\000m\000e\000n\000s\000i\000o\000n\000a\000l\000\040\000F\000u\000z\000z\000y\000\040\000E\000n\000t\000r\000o\000p\000y}{section.4.2}% 71
\BOOKMARK [1][-]{section.4.3}{\376\377\000P\000y\000t\000h\000o\000n\000:}{chapter.4}% 72
\BOOKMARK [2][-]{subsection.4.3.1}{\376\377\000E\000x\000a\000m\000p\000l\000e\000\040\0001\000:\000\040\000\040\000\040\000S\000a\000m\000p\000l\000e\000\040\000E\000n\000t\000r\000o\000p\000y}{section.4.3}% 73
\BOOKMARK [2][-]{subsection.4.3.2}{\376\377\000E\000x\000a\000m\000p\000l\000e\000\040\0002\000:\000\040\000\040\000\040\000\050\000F\000i\000n\000e\000-\000G\000r\000a\000i\000n\000e\000d\000\051\000\040\000P\000e\000r\000m\000u\000t\000a\000t\000i\000o\000n\000\040\000E\000n\000t\000r\000o\000p\000y}{section.4.3}% 74
\BOOKMARK [2][-]{subsection.4.3.3}{\376\377\000E\000x\000a\000m\000p\000l\000e\000\040\0003\000:\000\040\000\040\000\040\000P\000h\000a\000s\000e\000\040\000E\000n\000t\000r\000o\000p\000y\000\040\000w\000/\000\040\000P\000o\000i\000n\000c\000a\000r\000\351\000\040\000p\000l\000o\000t}{section.4.3}% 75
\BOOKMARK [2][-]{subsection.4.3.4}{\376\377\000E\000x\000a\000m\000p\000l\000e\000\040\0004\000:\000\040\000\040\000\040\000C\000r\000o\000s\000s\000-\000D\000i\000s\000t\000r\000i\000b\000u\000t\000i\000o\000n\000\040\000E\000n\000t\000r\000o\000p\000y\000\040\000w\000/\000\040\000D\000i\000f\000f\000e\000r\000e\000n\000t\000\040\000B\000i\000n\000n\000i\000n\000g\000\040\000M\000e\000t\000h\000o\000d\000s}{section.4.3}% 76
\BOOKMARK [2][-]{subsection.4.3.5}{\376\377\000E\000x\000a\000m\000p\000l\000e\000\040\0005\000:\000\040\000\040\000\040\000M\000u\000l\000t\000i\000s\000c\000a\000l\000e\000\040\000E\000n\000t\000r\000o\000p\000y\000\040\000O\000b\000j\000e\000c\000t\000\040\000[\000M\000S\000o\000b\000j\000e\000c\000t\000\050\000\051\000]}{section.4.3}% 77
\BOOKMARK [2][-]{subsection.4.3.6}{\376\377\000E\000x\000a\000m\000p\000l\000e\000\040\0006\000:\000\040\000\040\000\040\000M\000u\000l\000t\000i\000s\000c\000a\000l\000e\000\040\000[\000I\000n\000c\000r\000e\000m\000e\000n\000t\000]\000\040\000E\000n\000t\000r\000o\000p\000y}{section.4.3}% 78
\BOOKMARK [2][-]{subsection.4.3.7}{\376\377\000E\000x\000a\000m\000p\000l\000e\000\040\0007\000:\000\040\000\040\000\040\000R\000e\000f\000i\000n\000e\000d\000\040\000M\000u\000l\000t\000i\000s\000c\000a\000l\000e\000\040\000[\000S\000a\000m\000p\000l\000e\000]\000\040\000E\000n\000t\000r\000o\000p\000y}{section.4.3}% 79
\BOOKMARK [2][-]{subsection.4.3.8}{\376\377\000E\000x\000a\000m\000p\000l\000e\000\040\0008\000:\000\040\000\040\000C\000o\000m\000p\000o\000s\000i\000t\000e\000\040\000M\000u\000l\000t\000i\000s\000c\000a\000l\000e\000\040\000C\000r\000o\000s\000s\000-\000[\000A\000p\000p\000r\000o\000x\000i\000m\000a\000t\000e\000]\000\040\000E\000n\000t\000r\000o\000p\000y}{section.4.3}% 80
\BOOKMARK [2][-]{subsection.4.3.9}{\376\377\000E\000x\000a\000m\000p\000l\000e\000\040\0009\000:\000\040\000\040\000\040\000H\000i\000e\000r\000a\000r\000c\000h\000i\000c\000a\000l\000\040\000M\000u\000l\000t\000i\000s\000c\000a\000l\000e\000\040\000c\000o\000r\000r\000e\000c\000t\000e\000d\000\040\000C\000r\000o\000s\000s\000-\000[\000C\000o\000n\000d\000i\000t\000i\000o\000n\000a\000l\000]\000\040\000E\000n\000t\000r\000o\000p\000y}{section.4.3}% 81
\BOOKMARK [2][-]{subsection.4.3.10}{\376\377\000E\000x\000a\000m\000p\000l\000e\000\040\0001\0000\000:\000\040\000\040\000\040\000B\000i\000d\000i\000m\000e\000n\000s\000i\000o\000n\000a\000l\000\040\000F\000u\000z\000z\000y\000\040\000E\000n\000t\000r\000o\000p\000y}{section.4.3}% 82
\BOOKMARK [1][-]{section.4.4}{\376\377\000J\000u\000l\000i\000a\000:}{chapter.4}% 83
\BOOKMARK [2][-]{subsection.4.4.1}{\376\377\000E\000x\000a\000m\000p\000l\000e\000\040\0001\000:\000\040\000\040\000\040\000S\000a\000m\000p\000l\000e\000\040\000E\000n\000t\000r\000o\000p\000y}{section.4.4}% 84
\BOOKMARK [2][-]{subsection.4.4.2}{\376\377\000E\000x\000a\000m\000p\000l\000e\000\040\0002\000:\000\040\000\040\000\040\000\050\000F\000i\000n\000e\000-\000G\000r\000a\000i\000n\000e\000d\000\051\000\040\000P\000e\000r\000m\000u\000t\000a\000t\000i\000o\000n\000\040\000E\000n\000t\000r\000o\000p\000y}{section.4.4}% 85
\BOOKMARK [2][-]{subsection.4.4.3}{\376\377\000E\000x\000a\000m\000p\000l\000e\000\040\0003\000:\000\040\000\040\000\040\000P\000h\000a\000s\000e\000\040\000E\000n\000t\000r\000o\000p\000y\000\040\000w\000/\000\040\000P\000o\000i\000n\000c\000a\000r\000\351\000\040\000p\000l\000o\000t}{section.4.4}% 86
\BOOKMARK [2][-]{subsection.4.4.4}{\376\377\000E\000x\000a\000m\000p\000l\000e\000\040\0004\000:\000\040\000\040\000\040\000C\000r\000o\000s\000s\000-\000D\000i\000s\000t\000r\000i\000b\000u\000t\000i\000o\000n\000\040\000E\000n\000t\000r\000o\000p\000y\000\040\000w\000/\000\040\000D\000i\000f\000f\000e\000r\000e\000n\000t\000\040\000B\000i\000n\000n\000i\000n\000g\000\040\000M\000e\000t\000h\000o\000d\000s}{section.4.4}% 87
\BOOKMARK [2][-]{subsection.4.4.5}{\376\377\000E\000x\000a\000m\000p\000l\000e\000\040\0005\000:\000\040\000\040\000\040\000M\000u\000l\000t\000i\000s\000c\000a\000l\000e\000\040\000E\000n\000t\000r\000o\000p\000y\000\040\000O\000b\000j\000e\000c\000t\000\040\000[\000M\000S\000o\000b\000j\000e\000c\000t\000\050\000\051\000]}{section.4.4}% 88
\BOOKMARK [2][-]{subsection.4.4.6}{\376\377\000E\000x\000a\000m\000p\000l\000e\000\040\0006\000:\000\040\000\040\000\040\000M\000u\000l\000t\000i\000s\000c\000a\000l\000e\000\040\000[\000I\000n\000c\000r\000e\000m\000e\000n\000t\000]\000\040\000E\000n\000t\000r\000o\000p\000y}{section.4.4}% 89
\BOOKMARK [2][-]{subsection.4.4.7}{\376\377\000E\000x\000a\000m\000p\000l\000e\000\040\0007\000:\000\040\000\040\000\040\000R\000e\000f\000i\000n\000e\000d\000\040\000M\000u\000l\000t\000i\000s\000c\000a\000l\000e\000\040\000[\000S\000a\000m\000p\000l\000e\000]\000\040\000E\000n\000t\000r\000o\000p\000y}{section.4.4}% 90
\BOOKMARK [2][-]{subsection.4.4.8}{\376\377\000E\000x\000a\000m\000p\000l\000e\000\040\0008\000:\000\040\000\040\000C\000o\000m\000p\000o\000s\000i\000t\000e\000\040\000M\000u\000l\000t\000i\000s\000c\000a\000l\000e\000\040\000C\000r\000o\000s\000s\000-\000[\000A\000p\000p\000r\000o\000x\000i\000m\000a\000t\000e\000]\000\040\000E\000n\000t\000r\000o\000p\000y}{section.4.4}% 91
\BOOKMARK [2][-]{subsection.4.4.9}{\376\377\000E\000x\000a\000m\000p\000l\000e\000\040\0009\000:\000\040\000\040\000\040\000H\000i\000e\000r\000a\000r\000c\000h\000i\000c\000a\000l\000\040\000M\000u\000l\000t\000i\000s\000c\000a\000l\000e\000\040\000c\000o\000r\000r\000e\000c\000t\000e\000d\000\040\000C\000r\000o\000s\000s\000-\000[\000C\000o\000n\000d\000i\000t\000i\000o\000n\000a\000l\000]\000\040\000E\000n\000t\000r\000o\000p\000y}{section.4.4}% 92
\BOOKMARK [2][-]{subsection.4.4.10}{\376\377\000E\000x\000a\000m\000p\000l\000e\000\040\0001\0000\000:\000\040\000\040\000\040\000B\000i\000d\000i\000m\000e\000n\000s\000i\000o\000n\000a\000l\000\040\000F\000u\000z\000z\000y\000\040\000E\000n\000t\000r\000o\000p\000y}{section.4.4}% 93
\BOOKMARK [0][-]{chapter.5}{\376\377\000R\000e\000f\000e\000r\000e\000n\000c\000e\000s}{}% 94
\BOOKMARK [0][-]{chapter.6}{\376\377\000G\000l\000o\000s\000s\000a\000r\000y\000\040\000o\000f\000\040\000F\000u\000n\000c\000t\000i\000o\000n\000\040\000S\000y\000n\000t\000a\000x}{}% 95
