This is pdfTeX, Version 3.141592653-2.6-1.40.22 (MiKTeX 21.3) (preloaded format=pdflatex 2021.5.18)  18 JUN 2021 08:43
entering extended mode
**./TitlePage.tex
(TitlePage.tex
LaTeX2e <2020-10-01> patch level 4
L3 programming layer <2021-05-07>

! LaTeX Error: Environment titlepage undefined.

See the LaTeX manual or LaTeX Companion for explanation.
Type  H <return>  for immediate help.
 ...                                              
                                                  
l.1 \begin{titlepage}
                     
Your command was ignored.
Type  I <command> <return>  to replace it with another command,
or  <return>  to continue without it.

! Undefined control sequence.
l.2 \color
          {ehone}
The control sequence at the end of the top line
of your error message was never \def'ed. If you have
misspelled it (e.g., `\hobx'), type `I' and the correct
spelling (e.g., `I\hbox'). Otherwise just continue,
and I'll forget about whatever was undefined.


! LaTeX Error: Missing \begin{document}.

See the LaTeX manual or LaTeX Companion for explanation.
Type  H <return>  for immediate help.
 ...                                              
                                                  
l.2 \color{e
            hone}
You're in trouble here.  Try typing  <return>  to proceed.
If that doesn't work, type  X <return>  to quit.

Missing character: There is no e in font nullfont!
Missing character: There is no h in font nullfont!
Missing character: There is no o in font nullfont!
Missing character: There is no n in font nullfont!
Missing character: There is no e in font nullfont!
LaTeX Font Info:    Trying to load font information for U+Kramer on input line 
3.
LaTeX Font Info:    No file UKramer.fd. on input line 3.

LaTeX Font Warning: Font shape `U/Kramer/xl/n' undefined
(Font)              using `U/cmr/m/n' instead on input line 3.


LaTeX Font Warning: Font shape `U/cmr/m/n' in size <60> not available
(Font)              size <24.88> substituted on input line 3.


LaTeX Font Warning: Font shape `OT1/cmr/m/n' in size <60> not available
(Font)              size <24.88> substituted on input line 6.


Overfull \hbox (20.0pt too wide) in paragraph at lines 2--7
[]
 []


Overfull \hbox (49.48924pt too wide) in paragraph at lines 2--7
\OT1/cmr/m/n/24.88 THE 
 []


Overfull \hbox (167.33717pt too wide) in paragraph at lines 2--7
\OT1/cmr/m/n/24.88 ENTROPYHUB 
 []


Overfull \hbox (76.67952pt too wide) in paragraph at lines 2--7
\OT1/cmr/m/n/24.88 GUIDE 
 []


! LaTeX Error: Missing \begin{document}.

See the LaTeX manual or LaTeX Companion for explanation.
Type  H <return>  for immediate help.
 ...                                              
                                                  
l.8    \begin{center}
                     
You're in trouble here.  Try typing  <return>  to proceed.
If that doesn't work, type  X <return>  to quit.


Overfull \hbox (20.0pt too wide) in paragraph at lines 8--8
[] 
 []

! Undefined control sequence.
l.9     \Large
              
The control sequence at the end of the top line
of your error message was never \def'ed. If you have
misspelled it (e.g., `\hobx'), type `I' and the correct
spelling (e.g., `I\hbox'). Otherwise just continue,
and I'll forget about whatever was undefined.


LaTeX Font Warning: Font shape `OT1/cmr/bx/n' in size <60> not available
(Font)              size <24.88> substituted on input line 10.


LaTeX Font Warning: Font shape `OT1/cmr/bx/it' in size <60> not available
(Font)              size <24.88> substituted on input line 10.


Overfull \hbox (21.5348pt too wide) in paragraph at lines 10--11
 \OT1/cmr/bx/it/24.88 A 
 []


Overfull \hbox (53.27737pt too wide) in paragraph at lines 10--11
 \OT1/cmr/bx/it/24.88 user 
 []


Overfull \hbox (64.68738pt too wide) in paragraph at lines 10--11
 \OT1/cmr/bx/it/24.88 man- 
 []


Overfull \hbox (37.52698pt too wide) in paragraph at lines 10--11
 \OT1/cmr/bx/it/24.88 ual 
 []


Overfull \hbox (37.14015pt too wide) in paragraph at lines 10--11
 \OT1/cmr/bx/it/24.88 for 
 []


Overfull \hbox (37.527pt too wide) in paragraph at lines 10--11
 \OT1/cmr/bx/it/24.88 the 
 []


Overfull \hbox (45.3088pt too wide) in paragraph at lines 10--11
 \OT1/cmr/bx/it/24.88 En- 
 []


Overfull \hbox (74.29387pt too wide) in paragraph at lines 10--11
 \OT1/cmr/bx/it/24.88 tropy- 
 []


Overfull \hbox (50.97589pt too wide) in paragraph at lines 10--11
 \OT1/cmr/bx/it/24.88 Hub 
 []


Overfull \hbox (78.97258pt too wide) in paragraph at lines 10--11
 \OT1/cmr/bx/it/24.88 toolkit 
 []


Underfull \vbox (badness 10000) has occurred while \output is active []



! LaTeX Error: The font size command \normalsize is not defined:
               there is probably something wrong with the class file.

See the LaTeX manual or LaTeX Companion for explanation.
Type  H <return>  for immediate help.
 ...                                              
                                                  
l.11 	\\
        
Your command was ignored.
Type  I <command> <return>  to replace it with another command,
or  <return>  to continue without it.

[1{C:/Users/Maitiú/AppData/Local/MiKTeX/pdftex/config/pdftex.map}]
Overfull \hbox (110.46262pt too wide) in paragraph at lines 13--15
 \OT1/cmr/bx/n/24.88 Matthew 
 []


Overfull \hbox (36.6865pt too wide) in paragraph at lines 13--15
 \OT1/cmr/bx/n/24.88 W. 
 []


Overfull \hbox (70.46452pt too wide) in paragraph at lines 13--15
 \OT1/cmr/bx/n/24.88 Flood  
 []


! LaTeX Error: Environment wrapfigure undefined.

See the LaTeX manual or LaTeX Companion for explanation.
Type  H <return>  for immediate help.
 ...                                              
                                                  
l.19 \begin{wrapfigure}
                       {r}{0.25\textwidth}
Your command was ignored.
Type  I <command> <return>  to replace it with another command,
or  <return>  to continue without it.

! Missing number, treated as zero.
<to be read again> 
                   }
l.19 \begin{wrapfigure}{r}{0.25\textwidth}
                                          
A number should have been here; I inserted `0'.
(If you can't figure out why I needed to see a number,
look up `weird error' in the index to The TeXbook.)

! Illegal unit of measure (pt inserted).
<to be read again> 
                   }
l.19 \begin{wrapfigure}{r}{0.25\textwidth}
                                          
Dimensions can be in units of em, ex, in, pt, pc,
cm, mm, dd, cc, nd, nc, bp, or sp; but yours is a new one!
I'll assume that you meant to say pt, for printer's points.
To recover gracefully from this error, it's best to
delete the erroneous units; e.g., type `2' to delete
two letters. (See Chapter 27 of The TeXbook.)

! Undefined control sequence.
l.20 \includegraphics
                     [width=0.9\linewidth]{EntropyHub_profiler.png}
The control sequence at the end of the top line
of your error message was never \def'ed. If you have
misspelled it (e.g., `\hobx'), type `I' and the correct
spelling (e.g., `I\hbox'). Otherwise just continue,
and I'll forget about whatever was undefined.

! Missing number, treated as zero.
<to be read again> 
                   ]
l.20 \includegraphics[width=0.9\linewidth]
                                          {EntropyHub_profiler.png}
A number should have been here; I inserted `0'.
(If you can't figure out why I needed to see a number,
look up `weird error' in the index to The TeXbook.)

! Illegal unit of measure (pt inserted).
<to be read again> 
                   ]
l.20 \includegraphics[width=0.9\linewidth]
                                          {EntropyHub_profiler.png}
Dimensions can be in units of em, ex, in, pt, pc,
cm, mm, dd, cc, nd, nc, bp, or sp; but yours is a new one!
I'll assume that you meant to say pt, for printer's points.
To recover gracefully from this error, it's best to
delete the erroneous units; e.g., type `2' to delete
two letters. (See Chapter 27 of The TeXbook.)

! Missing $ inserted.
<inserted text> 
                $
l.20 ...egraphics[width=0.9\linewidth]{EntropyHub_
                                                  profiler.png}
I've inserted a begin-math/end-math symbol since I think
you left one out. Proceed, with fingers crossed.

LaTeX Font Info:    Calculating math sizes for size <60> on input line 20.

LaTeX Font Warning: Font shape `OT1/cmr/m/n' in size <41.99982> not available
(Font)              size <24.88> substituted on input line 20.


LaTeX Font Warning: Font shape `OT1/cmr/m/n' in size <30> not available
(Font)              size <24.88> substituted on input line 20.


LaTeX Font Warning: Font shape `OML/cmm/m/it' in size <60> not available
(Font)              size <24.88> substituted on input line 20.


LaTeX Font Warning: Font shape `OML/cmm/m/it' in size <41.99982> not available
(Font)              size <24.88> substituted on input line 20.


LaTeX Font Warning: Font shape `OML/cmm/m/it' in size <30> not available
(Font)              size <24.88> substituted on input line 20.


LaTeX Font Warning: Font shape `OMS/cmsy/m/n' in size <60> not available
(Font)              size <24.88> substituted on input line 20.


LaTeX Font Warning: Font shape `OMS/cmsy/m/n' in size <41.99982> not available
(Font)              size <24.88> substituted on input line 20.


LaTeX Font Warning: Font shape `OMS/cmsy/m/n' in size <30> not available
(Font)              size <24.88> substituted on input line 20.

LaTeX Font Info:    External font `cmex10' loaded for size
(Font)              <60> on input line 20.
LaTeX Font Info:    External font `cmex10' loaded for size
(Font)              <41.99982> on input line 20.
LaTeX Font Info:    External font `cmex10' loaded for size
(Font)              <30> on input line 20.
! Extra }, or forgotten $.
l.20 ...th=0.9\linewidth]{EntropyHub_profiler.png}
                                                  
I've deleted a group-closing symbol because it seems to be
spurious, as in `$x}$'. But perhaps the } is legitimate and
you forgot something else, as in `\hbox{$x}'. In such cases
the way to recover is to insert both the forgotten and the
deleted material, e.g., by typing `I$}'.


! LaTeX Error: \begin{document} ended by \end{wrapfigure}.

See the LaTeX manual or LaTeX Companion for explanation.
Type  H <return>  for immediate help.
 ...                                              
                                                  
l.22 \end{wrapfigure}
                     
Your command was ignored.
Type  I <command> <return>  to replace it with another command,
or  <return>  to continue without it.

! Missing $ inserted.
<inserted text> 
                $
l.22 \end{wrapfigure}
                     
I've inserted something that you may have forgotten.
(See the <inserted text> above.)
With luck, this will get me unwedged. But if you
really didn't forget anything, try typing `2' now; then
my insertion and my current dilemma will both disappear.

! Missing } inserted.
<inserted text> 
                }
l.22 \end{wrapfigure}
                     
I've inserted something that you may have forgotten.
(See the <inserted text> above.)
With luck, this will get me unwedged. But if you
really didn't forget anything, try typing `2' now; then
my insertion and my current dilemma will both disappear.


Overfull \hbox (69.25313pt too wide) in paragraph at lines 19--23
[]\OT1/cmr/m/n/24.88 r0.25
 []


Overfull \hbox (374.4874pt too wide) in paragraph at lines 19--23
\OT1/cmr/m/n/24.88 [width=0.9]EntropyHub$[]\OML/cmm/m/it/24.88 rofiler:png[]$ 
 []


! LaTeX Error: The font size command \normalsize is not defined:
               there is probably something wrong with the class file.

See the LaTeX manual or LaTeX Companion for explanation.
Type  H <return>  for immediate help.
 ...                                              
                                                  
l.24 \normalsize
                
Your command was ignored.
Type  I <command> <return>  to replace it with another command,
or  <return>  to continue without it.

! Undefined control sequence.
l.25 \noindent \href
                    {https://www.EntropyHub.xyz}{\ul{\textbf{www.EntropyHub....
The control sequence at the end of the top line
of your error message was never \def'ed. If you have
misspelled it (e.g., `\hobx'), type `I' and the correct
spelling (e.g., `I\hbox'). Otherwise just continue,
and I'll forget about whatever was undefined.

! Undefined control sequence.
l.25 ...dent \href{https://www.EntropyHub.xyz}{\ul
                                                  {\textbf{www.EntropyHub.xy...
The control sequence at the end of the top line
of your error message was never \def'ed. If you have
misspelled it (e.g., `\hobx'), type `I' and the correct
spelling (e.g., `I\hbox'). Otherwise just continue,
and I'll forget about whatever was undefined.


Overfull \hbox (570.52722pt too wide) in paragraph at lines 25--28
\OT1/cmr/m/n/24.88 https://www.EntropyHub.xyz\OT1/cmr/bx/n/24.88 www.EntropyHub
.xyz 
 []


Overfull \hbox (58.31247pt too wide) in paragraph at lines 25--28
\OT1/cmr/bx/n/24.88 v.0.1
 []


Overfull \hbox (77.74997pt too wide) in paragraph at lines 25--28
\OT1/cmr/bx/n/24.88 (2021) 
 []


! LaTeX Error: The font size command \normalsize is not defined:
               there is probably something wrong with the class file.

See the LaTeX manual or LaTeX Companion for explanation.
Type  H <return>  for immediate help.
 ...                                              
                                                  
l.30 \normalsize
                
Your command was ignored.
Type  I <command> <return>  to replace it with another command,
or  <return>  to continue without it.

! Undefined control sequence.
l.31 \color
           {black}
The control sequence at the end of the top line
of your error message was never \def'ed. If you have
misspelled it (e.g., `\hobx'), type `I' and the correct
spelling (e.g., `I\hbox'). Otherwise just continue,
and I'll forget about whatever was undefined.


! LaTeX Error: \begin{document} ended by \end{titlepage}.

See the LaTeX manual or LaTeX Companion for explanation.
Type  H <return>  for immediate help.
 ...                                              
                                                  
l.32 \end{titlepage}
                    
Your command was ignored.
Type  I <command> <return>  to replace it with another command,
or  <return>  to continue without it.


Overfull \hbox (71.85278pt too wide) in paragraph at lines 31--33
[]\OT1/cmr/m/n/24.88 black
 []

)
! Emergency stop.
<*> ./TitlePage.tex
                   
*** (job aborted, no legal \end found)

 
Here is how much of TeX's memory you used:
 59 strings out of 479173
 986 string characters out of 2864079
 287180 words of memory out of 3000000
 17763 multiletter control sequences out of 15000+600000
 405010 words of font info for 32 fonts, out of 8000000 for 9000
 1141 hyphenation exceptions out of 8191
 22i,4n,28p,134b,202s stack positions out of 5000i,500n,10000p,200000b,80000s
!  ==> Fatal error occurred, no output PDF file produced!
